<?xml version="1.0" encoding="UTF-8"?>
<!-- Generated by org.testng.reporters.JUnitXMLReporter -->
<testsuite ignored="0" hostname="DAYA" failures="0" tests="4" name="Default test" time="11.45" errors="0" timestamp="2024-12-30T15:16:20 IST">
  <testcase classname="api.test.UserTests" name="testPostUser" time="4.897"/>
  <testcase classname="api.test.UserTests" name="tesGetUserByName" time="1.436"/>
  <testcase classname="api.test.UserTests" name="testUpdateUserByName" time="3.257"/>
  <testcase classname="api.test.UserTests" name="testDeleteUserByName" time="1.526"/>
</testsuite> <!-- Default test -->
