<?xml version="1.0" encoding="UTF-8"?>
<!-- Generated by org.testng.reporters.JUnitXMLReporter -->
<testsuite ignored="0" hostname="DAYA" failures="0" tests="4" name="PetTests" time="10.27" errors="0" timestamp="2024-12-30T20:40:05 IST">
  <testcase classname="api.test.UserTests2" name="testPostUser" time="3.509"/>
  <testcase classname="api.test.UserTests2" name="testGetUserByName" time="1.549"/>
  <testcase classname="api.test.UserTests2" name="testUpdateUserByName" time="3.056"/>
  <testcase classname="api.test.UserTests2" name="testDeleteUserByName" time="1.531"/>
</testsuite> <!-- PetTests -->
