<?xml version="1.0" encoding="UTF-8"?>
<!-- Generated by org.testng.reporters.JUnitXMLReporter -->
<testsuite ignored="0" hostname="DAYA" failures="0" tests="4" name="PetTests" time="10.458" errors="0" timestamp="2024-12-30T20:30:05 IST">
  <testcase classname="api.test.UserTests2" name="testPostUser" time="3.558"/>
  <testcase classname="api.test.UserTests2" name="testGetUserByName" time="1.594"/>
  <testcase classname="api.test.UserTests2" name="testUpdateUserByName" time="3.096"/>
  <testcase classname="api.test.UserTests2" name="testDeleteUserByName" time="1.43"/>
</testsuite> <!-- PetTests -->
